<?xml version="1.0" encoding="UTF-8" ?>
<testsuite errors="0" failures="0" hostname="DESKTOP-LNC8732" name="twitter.staff.FilterTestRunner" skipped="0" tests="1" time="0.14" timestamp="2025-03-29T15:09:59">
  <properties>
    <property name="ant.library.dir" value="C:\Users\tuvue\.p2\pool\plugins\org.apache.ant_1.10.15.v20240901-1000\lib" />
    <property name="java.specification.version" value="21" />
    <property name="sun.cpu.isalist" value="amd64" />
    <property name="sun.jnu.encoding" value="Cp1252" />
    <property name="which.tests.ran" value="BETA" />
    <property name="osgi.nl" value="en_US" />
    <property name="project.name" value="ps2-tweets" />
    <property name="osgi.syspath" value="c:\Users\tuvue\.p2\pool\plugins" />
    <property name="sun.arch.data.model" value="64" />
    <property name="osgi.instance.area.default" value="file:/C:/Users/tuvue/eclipse-workspace/" />
    <property name="equinox.init.uuid" value="true" />
    <property name="eclipse.vmargs" value="-XX:CompileCommand=exclude org.eclipse.jdt.internal.core.dom.rewrite.ASTRewriteAnalyzer::getExtendedRange&#xa;-Dorg.eclipse.ecf.provider.filetransfer.excludeContributors=org.eclipse.ecf.provider.filetransfer.httpclientjava&#xa;-Dosgi.requiredJavaVersion=21&#xa;-Dosgi.instance.area.default=@user.home/eclipse-workspace&#xa;-Dosgi.dataAreaRequiresExplicitInit=true&#xa;-Dorg.eclipse.swt.graphics.Resource.reportNonDisposed=true&#xa;-Declipse.e4.inject.javax.warning=false&#xa;-Dsun.java.command=Eclipse&#xa;-XX:+UseG1GC&#xa;-XX:+UseStringDeduplication&#xa;--add-modules=ALL-SYSTEM&#xa;-Djavax.net.ssl.trustStoreType=Windows-ROOT&#xa;-Djavax.net.ssl.trustStore=NONE&#xa;-Declipse.p2.max.threads=10&#xa;-Doomph.update.url=https://download.eclipse.org/oomph/updates/milestone/latest&#xa;-Doomph.redirection.index.redirection=index:/-&gt;https://raw.githubusercontent.com/eclipse-oomph/oomph/master/setups/&#xa;--add-opens=java.base/java.lang=ALL-UNNAMED&#xa;-Djava.security.manager=allow&#xa;-Djava.class.path=C:\Users\tuvue\eclipse\java-2025-032\eclipse\\plugins/org.eclipse.equinox.launcher_1.6.1000.v20250227-1734.jar&#xa;" />
    <property name="ds.delayed.keepInstances.default" value="true" />
    <property name="java.vendor.url" value="https://adoptium.net/" />
    <property name="org.osgi.framework.system.capabilities" value="osgi.ee; osgi.ee=&quot;OSGi/Minimum&quot;; version:List&lt;Version&gt;=&quot;1.0, 1.1, 1.2&quot;, osgi.ee; osgi.ee=&quot;JRE&quot;; version:List&lt;Version&gt;=&quot;1.0, 1.1&quot;, osgi.ee; osgi.ee=&quot;JavaSE&quot;; version:List&lt;Version&gt;=&quot;1.0, 1.1, 1.2, 1.3, 1.4, 1.5, 1.6, 1.7, 1.8, 9.0, 10.0, 11.0, 12.0, 13.0, 14.0, 15.0, 16.0, 17.0, 18.0, 19.0, 20.0, 21.0&quot;,osgi.ee; osgi.ee=&quot;JavaSE/compact1&quot;; version:List&lt;Version&gt;=&quot;1.8, 9.0, 10.0, 11.0, 12.0, 13.0, 14.0, 15.0, 16.0, 17.0, 18.0, 19.0, 20.0, 21.0&quot;,osgi.ee; osgi.ee=&quot;JavaSE/compact2&quot;; version:List&lt;Version&gt;=&quot;1.8, 9.0, 10.0, 11.0, 12.0, 13.0, 14.0, 15.0, 16.0, 17.0, 18.0, 19.0, 20.0, 21.0&quot;,osgi.ee; osgi.ee=&quot;JavaSE/compact3&quot;; version:List&lt;Version&gt;=&quot;1.8, 9.0, 10.0, 11.0, 12.0, 13.0, 14.0, 15.0, 16.0, 17.0, 18.0, 19.0, 20.0, 21.0&quot;" />
    <property name="setup.trigger" value="STARTUP" />
    <property name="sun.boot.library.path" value="C:\Users\tuvue\.p2\pool\plugins\org.eclipse.justj.openjdk.hotspot.jre.full.win32.x86_64_21.0.6.v20250130-0529\jre\bin" />
    <property name="sun.java.command" value="org.apache.tools.ant.taskdefs.optional.junit.JUnitTestRunner twitter.staff.FilterTestRunner skipNonTests=false filtertrace=true haltOnError=false haltOnFailure=false showoutput=false outputtoformatters=true logfailedtests=true threadid=0 logtestlistenerevents=false formatter=org.apache.tools.ant.taskdefs.optional.junit.XMLJUnitResultFormatter,C:\Users\tuvue\Downloads\callOfTheWild\MIT6005-SoftwareConstructionInJava\ps2-tweets\.grader\TEST-twitter.staff.FilterTestRunner.xml crashfile=C:\Users\tuvue\Downloads\callOfTheWild\MIT6005-SoftwareConstructionInJava\ps2-tweets\.grader\junitvmwatcher407753897062654458.properties propsfile=C:\Users\tuvue\Downloads\callOfTheWild\MIT6005-SoftwareConstructionInJava\ps2-tweets\.grader\junit6816483262870973906.properties" />
    <property name="zipfile" value="my-submission.zip" />
    <property name="jdk.debug" value="release" />
    <property name="org.osgi.supports.framework.requirebundle" value="true" />
    <property name="org.eclipse.equinox.launcher.splash.location" value="C:\Users\tuvue\.p2\pool\plugins\org.eclipse.epp.package.common_4.35.0.20250306-0811\splash.bmp" />
    <property name="osgi.arch" value="x86_64" />
    <property name="org.eclipse.equinox.simpleconfigurator.configUrl" value="file:org.eclipse.equinox.simpleconfigurator/bundles.info" />
    <property name="java.specification.vendor" value="Oracle Corporation" />
    <property name="org.osgi.framework.system.packages" value="com.sun.java.accessibility.util, com.sun.jdi, com.sun.jdi.connect, com.sun.jdi.connect.spi, com.sun.jdi.event, com.sun.jdi.request, com.sun.management, com.sun.net.httpserver, com.sun.net.httpserver.spi, com.sun.nio.file, com.sun.nio.sctp, com.sun.security.auth, com.sun.security.auth.callback, com.sun.security.auth.login, com.sun.security.auth.module, com.sun.security.jgss, com.sun.source.doctree, com.sun.source.tree, com.sun.source.util, com.sun.tools.attach, com.sun.tools.attach.spi, com.sun.tools.javac, com.sun.tools.jconsole, java.applet, java.awt, java.awt.color, java.awt.datatransfer, java.awt.desktop, java.awt.dnd, java.awt.event, java.awt.font, java.awt.geom, java.awt.im, java.awt.im.spi, java.awt.image, java.awt.image.renderable, java.awt.print, java.beans, java.beans.beancontext, java.io, java.lang, java.lang.annotation, java.lang.constant, java.lang.foreign, java.lang.instrument, java.lang.invoke, java.lang.management, java.lang.module, java.lang.ref, java.lang.reflect, java.lang.runtime, java.math, java.net, java.net.http, java.net.spi, java.nio, java.nio.channels, java.nio.channels.spi, java.nio.charset, java.nio.charset.spi, java.nio.file, java.nio.file.attribute, java.nio.file.spi, java.rmi, java.rmi.dgc, java.rmi.registry, java.rmi.server, java.security, java.security.cert, java.security.interfaces, java.security.spec, java.sql, java.text, java.text.spi, java.time, java.time.chrono, java.time.format, java.time.temporal, java.time.zone, java.util, java.util.concurrent, java.util.concurrent.atomic, java.util.concurrent.locks, java.util.function, java.util.jar, java.util.logging, java.util.prefs, java.util.random, java.util.regex, java.util.spi, java.util.stream, java.util.zip, javax.accessibility, javax.annotation.processing, javax.crypto, javax.crypto.interfaces, javax.crypto.spec, javax.imageio, javax.imageio.event, javax.imageio.metadata, javax.imageio.plugins.bmp, javax.imageio.plugins.jpeg, javax.imageio.plugins.tiff, javax.imageio.spi, javax.imageio.stream, javax.lang.model, javax.lang.model.element, javax.lang.model.type, javax.lang.model.util, javax.management, javax.management.loading, javax.management.modelmbean, javax.management.monitor, javax.management.openmbean, javax.management.relation, javax.management.remote, javax.management.remote.rmi, javax.management.timer, javax.naming, javax.naming.directory, javax.naming.event, javax.naming.ldap, javax.naming.ldap.spi, javax.naming.spi, javax.net, javax.net.ssl, javax.print, javax.print.attribute, javax.print.attribute.standard, javax.print.event, javax.rmi.ssl, javax.script, javax.security.auth, javax.security.auth.callback, javax.security.auth.kerberos, javax.security.auth.login, javax.security.auth.spi, javax.security.auth.x500, javax.security.cert, javax.security.sasl, javax.smartcardio, javax.sound.midi, javax.sound.midi.spi, javax.sound.sampled, javax.sound.sampled.spi, javax.sql, javax.sql.rowset, javax.sql.rowset.serial, javax.sql.rowset.spi, javax.swing, javax.swing.border, javax.swing.colorchooser, javax.swing.event, javax.swing.filechooser, javax.swing.plaf, javax.swing.plaf.basic, javax.swing.plaf.metal, javax.swing.plaf.multi, javax.swing.plaf.nimbus, javax.swing.plaf.synth, javax.swing.table, javax.swing.text, javax.swing.text.html, javax.swing.text.html.parser, javax.swing.text.rtf, javax.swing.tree, javax.swing.undo, javax.tools, javax.transaction.xa, javax.xml, javax.xml.catalog, javax.xml.crypto, javax.xml.crypto.dom, javax.xml.crypto.dsig, javax.xml.crypto.dsig.dom, javax.xml.crypto.dsig.keyinfo, javax.xml.crypto.dsig.spec, javax.xml.datatype, javax.xml.namespace, javax.xml.parsers, javax.xml.stream, javax.xml.stream.events, javax.xml.stream.util, javax.xml.transform, javax.xml.transform.dom, javax.xml.transform.sax, javax.xml.transform.stax, javax.xml.transform.stream, javax.xml.validation, javax.xml.xpath, jdk.dynalink, jdk.dynalink.beans, jdk.dynalink.linker, jdk.dynalink.linker.support, jdk.dynalink.support, jdk.javadoc.doclet, jdk.jfr, jdk.jfr.consumer, jdk.jshell, jdk.jshell.execution, jdk.jshell.spi, jdk.jshell.tool, jdk.management.jfr, jdk.net, jdk.nio, jdk.nio.mapmode, jdk.security.jarsigner, jdk.swing.interop, netscape.javascript, org.ietf.jgss, org.w3c.dom, org.w3c.dom.bootstrap, org.w3c.dom.css, org.w3c.dom.events, org.w3c.dom.html, org.w3c.dom.ls, org.w3c.dom.ranges, org.w3c.dom.stylesheets, org.w3c.dom.traversal, org.w3c.dom.views, org.w3c.dom.xpath, org.xml.sax, org.xml.sax.ext, org.xml.sax.helpers, sun.misc, sun.reflect" />
    <property name="org.osgi.framework.language" value="en" />
    <property name="eclipse.application" value="org.eclipse.ui.ide.workbench" />
    <property name="gosh.args" value="--nointeractive" />
    <property name="java.version.date" value="2025-01-21" />
    <property name="eclipse.launcher.name" value="Eclipse" />
    <property name="java.home" value="C:\Users\tuvue\.p2\pool\plugins\org.eclipse.justj.openjdk.hotspot.jre.full.win32.x86_64_21.0.6.v20250130-0529\jre" />
    <property name="basedir" value="C:\Users\tuvue\Downloads\callOfTheWild\MIT6005-SoftwareConstructionInJava\ps2-tweets" />
    <property name="file.separator" value="\" />
    <property name="java.vm.compressedOopsMode" value="Zero based" />
    <property name="line.separator" value="&#xd;&#xa;" />
    <property name="org.osgi.framework.executionenvironment" value="OSGi/Minimum-1.0, OSGi/Minimum-1.1, OSGi/Minimum-1.2, JavaSE/compact1-1.8, JavaSE/compact2-1.8, JavaSE/compact3-1.8, JRE-1.1, J2SE-1.2, J2SE-1.3, J2SE-1.4, J2SE-1.5, JavaSE-1.6, JavaSE-1.7, JavaSE-1.8, JavaSE-9, JavaSE-10, JavaSE-11, JavaSE-12, JavaSE-13, JavaSE-14, JavaSE-15, JavaSE-16, JavaSE-17, JavaSE-18, JavaSE-19, JavaSE-20, JavaSE-21" />
    <property name="java.specification.name" value="Java Platform API Specification" />
    <property name="java.vm.specification.vendor" value="Oracle Corporation" />
    <property name="osgi.compatibility.bootdelegation.default" value="true" />
    <property name="eclipse.buildId" value="4.35.0.20250306-0811" />
    <property name="javax.net.ssl.trustStore" value="NONE" />
    <property name="user.script" value="" />
    <property name="sun.management.compiler" value="HotSpot 64-Bit Tiered Compilers" />
    <property name="java.runtime.version" value="21.0.6+7-LTS" />
    <property name="org.eclipse.swt.internal.deviceZoom" value="100" />
    <property name="user.name" value="tuvue" />
    <property name="osgi.framework.useSystemProperties" value="true" />
    <property name="org.osgi.framework.vendor" value="Eclipse" />
    <property name="file.encoding" value="UTF-8" />
    <property name="guice.disable.misplaced.annotation.check" value="true" />
    <property name="jnidispatch.path" value="C:\Users\tuvue\AppData\Local\Temp\jna-110731109\jna1874912826884488052.dll" />
    <property name="oomph.redirection.index.redirection" value="index:/-&gt;https://raw.githubusercontent.com/eclipse-oomph/oomph/master/setups/" />
    <property name="java.vendor.version" value="Temurin-21.0.6+7" />
    <property name="osgi.framework.extensions" value="reference:file:org.eclipse.osgi.compatibility.state_1.2.1100.v20250129-0721.jar" />
    <property name="jna.loaded" value="true" />
    <property name="java.io.tmpdir" value="C:\Users\tuvue\AppData\Local\Temp\" />
    <property name="eclipse.home.location" value="file:/C:/Users/tuvue/eclipse/java-2025-032/eclipse/" />
    <property name="org.eclipse.swt.graphics.Resource.reportNonDisposed" value="true" />
    <property name="java.version" value="21.0.6" />
    <property name="grader.dir" value=".grader" />
    <property name="osgi.bundles.defaultStartLevel" value="4" />
    <property name="java.vm.specification.name" value="Java Virtual Machine Specification" />
    <property name="ant.home" value="C:\Users\tuvue\.p2\pool\plugins\org.apache.ant_1.10.15.v20240901-1000" />
    <property name="sun.os.patch.level" value="" />
    <property name="native.encoding" value="Cp1252" />
    <property name="ant.version" value="Apache Ant(TM) version 1.10.15 compiled on August 25 2024" />
    <property name="eclipse.running" value="true" />
    <property name="java.library.path" value="C:\Users\tuvue\.p2\pool\plugins\org.eclipse.justj.openjdk.hotspot.jre.full.win32.x86_64_21.0.6.v20250130-0529\jre\bin;C:\WINDOWS\Sun\Java\bin;C:\WINDOWS\system32;C:\WINDOWS;C:/Users/tuvue/.p2/pool/plugins/org.eclipse.justj.openjdk.hotspot.jre.full.win32.x86_64_21.0.6.v20250130-0529/jre/bin/server;C:/Users/tuvue/.p2/pool/plugins/org.eclipse.justj.openjdk.hotspot.jre.full.win32.x86_64_21.0.6.v20250130-0529/jre/bin;C:\Program Files\Eclipse Adoptium\jdk-8.0.442.6-hotspot;C:\WINDOWS\system32;C:\WINDOWS;C:\WINDOWS\System32\Wbem;C:\WINDOWS\System32\WindowsPowerShell\v1.0\;C:\WINDOWS\System32\OpenSSH\;C:\Program Files\PuTTY\;C:\Program Files\Git\cmd;C:\Program Files\TMC-cli;C:\chromedriver-win64;C:\Users\tuvue\AppData\Local\Programs\Python\Python311;C:\Program Files\Google\Chrome\Application;C:\Users\tuvue\AppData\Local\Programs\Python\Python311\Scripts;C:\Program Files\Cloudflare\Cloudflare WARP\;C:\mingw64\bin;C:\Users\tuvue\AppData\Local\Programs\Python\Python311\Scripts\;C:\Users\tuvue\AppData\Local\Programs\Python\Python311\;C:\Users\tuvue\Downloads\Chromedriver;C:\Program Files\Eclipse Adoptium\jre-17.0.7.7-hotspot\bin;C:\Program Files\Eclipse Adoptium\jdk-17.0.7.7-hotspot\bin;C:\Program Files\Eclipse Adoptium\jdk-8.0.372.7-hotspot\bin;C:\Program Files\Eclipse Adoptium\jdk-11.0.19.7-hotspot\bin;C:\WINDOWS\system32;C:\WINDOWS;C:\WINDOWS\System32\Wbem;C:\WINDOWS\System32\WindowsPowerShell\v1.0\;C:\WINDOWS\System32\OpenSSH\;C:\Program Files\PuTTY\;C:\Program Files\Git\cmd;C:\Program Files\TMC-cli;C:\Users\tuvue\Downloads\Chromedriver;C:\Users\tuvue\AppData\Local\Programs\Microsoft VS Code\bin;C:\platform-tools;;C:\Users\tuvue\eclipse\java-2025-032\eclipse;;." />
    <property name="java.vendor" value="Eclipse Adoptium" />
    <property name="stderr.encoding" value="Cp1252" />
    <property name="osgi.requiredJavaVersion" value="21" />
    <property name="org.eclipse.debug.ui.breakpoints.toggleFactoriesUsed" value="false" />
    <property name="sun.io.unicode.encoding" value="UnicodeLittle" />
    <property name="eclipse.stateSaveDelayInterval" value="30000" />
    <property name="org.eclipse.ecf.provider.filetransfer.excludeContributors" value="org.eclipse.ecf.provider.filetransfer.httpclientjava" />
    <property name="org.osgi.framework.version" value="1.10.0" />
    <property name="java.class.path" value="C:\Users\tuvue\Downloads\callOfTheWild\MIT6005-SoftwareConstructionInJava\ps2-tweets\lib\junit-4.12.jar;C:\Users\tuvue\Downloads\callOfTheWild\MIT6005-SoftwareConstructionInJava\ps2-tweets\lib\hamcrest-core-1.3.jar;C:\Users\tuvue\Downloads\callOfTheWild\MIT6005-SoftwareConstructionInJava\ps2-tweets\.grader\bin-impls-empty;C:\Users\tuvue\Downloads\callOfTheWild\MIT6005-SoftwareConstructionInJava\ps2-tweets\.grader\bin-impls-staff;C:\Users\tuvue\Downloads\callOfTheWild\MIT6005-SoftwareConstructionInJava\ps2-tweets\.grader\bin-tests-student;C:\Users\tuvue\.p2\pool\plugins\org.apache.ant_1.10.15.v20240901-1000\lib\ant-launcher.jar;C:\Users\tuvue\.p2\pool\plugins\org.apache.ant_1.10.15.v20240901-1000\lib\ant.jar;C:\Users\tuvue\.p2\pool\plugins\org.apache.ant_1.10.15.v20240901-1000\lib\ant-junit.jar;C:\Users\tuvue\.p2\pool\plugins\org.apache.ant_1.10.15.v20240901-1000\lib\ant-junit4.jar" />
    <property name="java.vm.vendor" value="Eclipse Adoptium" />
    <property name="user.variant" value="" />
    <property name="user.timezone" value="Asia/Saigon" />
    <property name="org.osgi.framework.uuid" value="d5dff1d4-8791-4a90-ad5d-33f91bed4a2c" />
    <property name="build.sysclasspath" value="ignore" />
    <property name="java.vm.specification.version" value="21" />
    <property name="os.name" value="Windows 10" />
    <property name="org.osgi.framework.processor" value="x86-64" />
    <property name="user.country" value="US" />
    <property name="sun.java.launcher" value="SUN_STANDARD" />
    <property name="problem.set" value="ps2" />
    <property name="oomph.update.url" value="https://download.eclipse.org/oomph/updates/milestone/latest" />
    <property name="beta.grader.jar" value="ps2-beta-grader.jar" />
    <property name="osgi.logfile" value="C:\Users\tuvue\eclipse-workspace\.metadata\.log" />
    <property name="sun.cpu.endian" value="little" />
    <property name="user.home" value="C:\Users\tuvue" />
    <property name="osgi.install.area" value="file:/C:/Users/tuvue/eclipse/java-2025-032/eclipse/" />
    <property name="user.language" value="en" />
    <property name="grader.report.file" value="my-grader-report.xml" />
    <property name="maven.defaultProjectBuilder.disableGlobalModelCache" value="true" />
    <property name="osgi.tracefile" value="C:\Users\tuvue\eclipse-workspace\.metadata\trace.log" />
    <property name="eclipse.home" value="C:\Users\tuvue\eclipse\java-2025-032\eclipse" />
    <property name="ant.java.version" value="21" />
    <property name="final.grader.jar" value="ps2-final-grader.jar" />
    <property name="ds.delayed.keepInstances" value="true" />
    <property name="eclipse.vm" value="C:/Users/tuvue/.p2/pool/plugins/org.eclipse.justj.openjdk.hotspot.jre.full.win32.x86_64_21.0.6.v20250130-0529/jre/bin\server\jvm.dll" />
    <property name="eclipse.product" value="org.eclipse.epp.package.java.product" />
    <property name="java.security.manager" value="allow" />
    <property name="ant.file" value="C:\Users\tuvue\Downloads\callOfTheWild\MIT6005-SoftwareConstructionInJava\ps2-tweets\grader.xml" />
    <property name="eclipse.commands" value="-os&#xa;win32&#xa;-ws&#xa;win32&#xa;-arch&#xa;x86_64&#xa;-showsplash&#xa;C:\Users\tuvue\.p2\pool\plugins\org.eclipse.epp.package.common_4.35.0.20250306-0811\splash.bmp&#xa;-launcher&#xa;C:\Users\tuvue\eclipse\java-2025-032\eclipse\eclipse.exe&#xa;-name&#xa;Eclipse&#xa;--launcher.library&#xa;C:\Users\tuvue\.p2\pool\plugins\org.eclipse.equinox.launcher.win32.win32.x86_64_1.2.1200.v20250212-0927\eclipse_11909.dll&#xa;-startup&#xa;C:\Users\tuvue\eclipse\java-2025-032\eclipse\\plugins/org.eclipse.equinox.launcher_1.6.1000.v20250227-1734.jar&#xa;--launcher.appendVmargs&#xa;-product&#xa;org.eclipse.epp.package.java.product&#xa;-vm&#xa;C:/Users/tuvue/.p2/pool/plugins/org.eclipse.justj.openjdk.hotspot.jre.full.win32.x86_64_21.0.6.v20250130-0529/jre/bin\server\jvm.dll&#xa;" />
    <property name="stdout.encoding" value="Cp1252" />
    <property name="path.separator" value=";" />
    <property name="eclipse.p2.max.threads" value="10" />
    <property name="osgi.compatibility.bootdelegation" value="true" />
    <property name="os.version" value="10.0" />
    <property name="ant.build.javac.target" value="1.8" />
    <property name="java.runtime.name" value="OpenJDK Runtime Environment" />
    <property name="org.osgi.supports.framework.fragment" value="true" />
    <property name="osgi.bundles" value="reference:file:org.eclipse.osgi.compatibility.state_1.2.1100.v20250129-0721.jar,reference:file:org.eclipse.equinox.simpleconfigurator_1.5.400.v20250129-0942.jar@1:start" />
    <property name="ant.project.invoked-targets" value="all" />
    <property name="osgi.framework.shape" value="jar" />
    <property name="java.vm.name" value="OpenJDK 64-Bit Server VM" />
    <property name="eclipse.p2.profile" value="C__Users_tuvue_eclipse_java-2025-032_eclipse" />
    <property name="osgi.framework" value="file:/C:/Users/tuvue/.p2/pool/plugins/org.eclipse.osgi_3.23.0.v20250228-0640.jar" />
    <property name="didit.desc" value="Running your tests against a broken staff implementation. Succeeds when at least one of your tests fails, since this implementation has bugs." />
    <property name="eclipse.e4.inject.javax.warning" value="false" />
    <property name="osgi.configuration.area" value="file:/C:/Users/tuvue/eclipse/java-2025-032/eclipse/configuration/" />
    <property name="osgi.dataAreaRequiresExplicitInit" value="true" />
    <property name="osgi.os" value="win32" />
    <property name="ant.core.lib" value="C:\Users\tuvue\eclipse\java-2025-032\eclipse\..\..\..\.p2\pool\plugins\org.apache.ant_1.10.15.v20240901-1000\lib\ant.jar" />
    <property name="osgi.splashLocation" value="C:\Users\tuvue\.p2\pool\plugins\org.eclipse.epp.package.common_4.35.0.20250306-0811\splash.bmp" />
    <property name="java.vendor.url.bug" value="https://github.com/adoptium/adoptium-support/issues" />
    <property name="org.eclipse.m2e.log.dir" value="C:\Users\tuvue\eclipse-workspace\.metadata\.plugins\org.eclipse.m2e.logback" />
    <property name="org.osgi.framework.os.name" value="Windows10" />
    <property name="applicationXMI" value="org.eclipse.ui.workbench/LegacyIDE.e4xmi" />
    <property name="org.osgi.supports.framework.extension" value="true" />
    <property name="osgi.splashPath" value="file:/C:/Users/tuvue/.p2/pool/plugins/org.eclipse.epp.package.common_4.35.0.20250306-0811" />
    <property name="javax.net.ssl.trustStoreType" value="Windows-ROOT" />
    <property name="org.osgi.framework.storage" value="C:\Users\tuvue\eclipse\java-2025-032\eclipse\configuration" />
    <property name="user.dir" value="C:\Users\tuvue\eclipse\java-2025-032\eclipse" />
    <property name="os.arch" value="amd64" />
    <property name="osgi.instance.area" value="file:/C:/Users/tuvue/eclipse-workspace/" />
    <property name="osgi.ws" value="win32" />
    <property name="eclipse.launcher" value="C:\Users\tuvue\eclipse\java-2025-032\eclipse\eclipse.exe" />
    <property name="osgi.frameworkClassPath" value="., file:C:/Users/tuvue/.p2/pool/plugins/org.eclipse.osgi.compatibility.state_1.2.1100.v20250129-0721.jar" />
    <property name="eclipse.startTime" value="1743260743456" />
    <property name="org.osgi.framework.os.version" value="10.0.0" />
    <property name="java.vm.info" value="mixed mode, sharing" />
    <property name="java.vm.version" value="21.0.6+7-LTS" />
    <property name="eclipse.p2.data.area" value="file:/C:/Users/tuvue/.p2/" />
    <property name="org.apache.commons.logging.Log" value="org.apache.commons.logging.impl.NoOpLog" />
    <property name="swt.autoScale.updateOnRuntime" value="false" />
    <property name="java.class.version" value="65.0" />
    <property name="ant.project.default-target" value="all" />
  </properties>
  <testcase classname="twitter.staff.FilterTestRunner" name="yourTests_staffBadImpl_Filter_alwaysReturnsEmpty" time="0.038" />
  <system-out><![CDATA[]]></system-out>
  <system-err><![CDATA[]]></system-err>
</testsuite>
